# JRE version: Java(TM) SE Runtime Environment 18.9 (11.0.13+10) (build 11.0.13+10-LTS-370)
# Java VM: Java HotSpot(TM) 64-Bit Server VM 18.9 (11.0.13+10-LTS-370, mixed mode, tiered, compressed oops, g1 gc, windows-amd64)
Heap:
 garbage-first heap   total 228352K, used 24005K [0x0000000080000000, 0x0000000100000000)
  region size 1024K, 12 young (12288K), 12 survivors (12288K)
 Metaspace       used 44395K, capacity 45607K, committed 45952K, reserved 1089536K
  class space    used 5694K, capacity 6179K, committed 6272K, reserved 1048576K
GC Heap History (10 events):
Event: 1.212 GC heap after
{Heap after GC invocations=4 (full 0):
 garbage-first heap   total 131072K, used 7118K [0x0000000080000000, 0x0000000100000000)
  region size 1024K, 1 young (1024K), 1 survivors (1024K)
 Metaspace       used 17301K, capacity 17756K, committed 18048K, reserved 1064960K
  class space    used 1931K, capacity 2124K, committed 2176K, reserved 1048576K
}
Event: 1.509 GC heap before
{Heap before GC invocations=4 (full 0):
 garbage-first heap   total 131072K, used 27598K [0x0000000080000000, 0x0000000100000000)
  region size 1024K, 21 young (21504K), 1 survivors (1024K)
 Metaspace       used 20388K, capacity 20875K, committed 20992K, reserved 1067008K
  class space    used 2504K, capacity 2719K, committed 2816K, reserved 1048576K
}
Event: 1.517 GC heap after
{Heap after GC invocations=5 (full 0):
 garbage-first heap   total 163840K, used 8049K [0x0000000080000000, 0x0000000100000000)
  region size 1024K, 2 young (2048K), 2 survivors (2048K)
 Metaspace       used 20388K, capacity 20875K, committed 20992K, reserved 1067008K
  class space    used 2504K, capacity 2719K, committed 2816K, reserved 1048576K
}
Event: 1.531 GC heap before
{Heap before GC invocations=5 (full 0):
 garbage-first heap   total 163840K, used 9073K [0x0000000080000000, 0x0000000100000000)
  region size 1024K, 4 young (4096K), 2 survivors (2048K)
 Metaspace       used 20635K, capacity 21167K, committed 21248K, reserved 1067008K
  class space    used 2534K, capacity 2796K, committed 2816K, reserved 1048576K
}
Event: 1.537 GC heap after
{Heap after GC invocations=6 (full 0):
 garbage-first heap   total 163840K, used 8316K [0x0000000080000000, 0x0000000100000000)
  region size 1024K, 3 young (3072K), 3 survivors (3072K)
 Metaspace       used 20635K, capacity 21167K, committed 21248K, reserved 1067008K
  class space    used 2534K, capacity 2796K, committed 2816K, reserved 1048576K
}
Event: 1.870 GC heap before
{Heap before GC invocations=7 (full 0):
 garbage-first heap   total 163840K, used 35964K [0x0000000080000000, 0x0000000100000000)
  region size 1024K, 31 young (31744K), 3 survivors (3072K)
 Metaspace       used 26117K, capacity 26740K, committed 26880K, reserved 1073152K
  class space    used 3203K, capacity 3484K, committed 3584K, reserved 1048576K
}
Event: 1.878 GC heap after
{Heap after GC invocations=8 (full 0):
 garbage-first heap   total 163840K, used 9097K [0x0000000080000000, 0x0000000100000000)
  region size 1024K, 3 young (3072K), 3 survivors (3072K)
 Metaspace       used 26117K, capacity 26740K, committed 26880K, reserved 1073152K
  class space    used 3203K, capacity 3484K, committed 3584K, reserved 1048576K
}
Event: 3.527 GC heap before
{Heap before GC invocations=8 (full 0):
 garbage-first heap   total 163840K, used 103305K [0x0000000080000000, 0x0000000100000000)
  region size 1024K, 96 young (98304K), 3 survivors (3072K)
 Metaspace       used 34772K, capacity 35764K, committed 35840K, reserved 1081344K
  class space    used 4443K, capacity 4845K, committed 4864K, reserved 1048576K
}
Event: 3.555 GC heap after
{Heap after GC invocations=9 (full 0):
 garbage-first heap   total 163840K, used 14804K [0x0000000080000000, 0x0000000100000000)
  region size 1024K, 9 young (9216K), 9 survivors (9216K)
 Metaspace       used 34772K, capacity 35764K, committed 35840K, reserved 1081344K
  class space    used 4443K, capacity 4845K, committed 4864K, reserved 1048576K
}
Event: 5.464 GC heap before
{Heap before GC invocations=10 (full 0):
 garbage-first heap   total 163840K, used 103892K [0x0000000080000000, 0x0000000100000000)
  region size 1024K, 96 young (98304K), 9 survivors (9216K)
 Metaspace       used 44395K, capacity 45607K, committed 45952K, reserved 1089536K
  class space    used 5694K, capacity 6179K, committed 6272K, reserved 1048576K
}

