# JRE version: Java(TM) SE Runtime Environment 18.9 (11.0.13+10) (build 11.0.13+10-LTS-370)
# Java VM: Java HotSpot(TM) 64-Bit Server VM 18.9 (11.0.13+10-LTS-370, mixed mode, tiered, compressed oops, g1 gc, windows-amd64)
Heap:
 garbage-first heap   total 221184K, used 24576K [0x0000000080000000, 0x0000000100000000)
  region size 1024K, 12 young (12288K), 12 survivors (12288K)
 Metaspace       used 44039K, capacity 45214K, committed 45312K, reserved 1089536K
  class space    used 5643K, capacity 6112K, committed 6144K, reserved 1048576K
GC Heap History (10 events):
Event: 1.311 GC heap after
{Heap after GC invocations=4 (full 0):
 garbage-first heap   total 131072K, used 7794K [0x0000000080000000, 0x0000000100000000)
  region size 1024K, 1 young (1024K), 1 survivors (1024K)
 Metaspace       used 17817K, capacity 18316K, committed 18432K, reserved 1064960K
  class space    used 1998K, capacity 2226K, committed 2304K, reserved 1048576K
}
Event: 1.597 GC heap before
{Heap before GC invocations=4 (full 0):
 garbage-first heap   total 131072K, used 27250K [0x0000000080000000, 0x0000000100000000)
  region size 1024K, 21 young (21504K), 1 survivors (1024K)
 Metaspace       used 20677K, capacity 21226K, committed 21248K, reserved 1067008K
  class space    used 2544K, capacity 2794K, committed 2816K, reserved 1048576K
}
Event: 1.605 GC heap after
{Heap after GC invocations=5 (full 0):
 garbage-first heap   total 157696K, used 8542K [0x0000000080000000, 0x0000000100000000)
  region size 1024K, 2 young (2048K), 2 survivors (2048K)
 Metaspace       used 20677K, capacity 21226K, committed 21248K, reserved 1067008K
  class space    used 2544K, capacity 2794K, committed 2816K, reserved 1048576K
}
Event: 1.932 GC heap before
{Heap before GC invocations=6 (full 0):
 garbage-first heap   total 157696K, used 37214K [0x0000000080000000, 0x0000000100000000)
  region size 1024K, 31 young (31744K), 2 survivors (2048K)
 Metaspace       used 26362K, capacity 27072K, committed 27136K, reserved 1073152K
  class space    used 3250K, capacity 3552K, committed 3584K, reserved 1048576K
}
Event: 1.940 GC heap after
{Heap after GC invocations=7 (full 0):
 garbage-first heap   total 157696K, used 9446K [0x0000000080000000, 0x0000000100000000)
  region size 1024K, 3 young (3072K), 3 survivors (3072K)
 Metaspace       used 26362K, capacity 27072K, committed 27136K, reserved 1073152K
  class space    used 3250K, capacity 3552K, committed 3584K, reserved 1048576K
}
Event: 3.567 GC heap before
{Heap before GC invocations=7 (full 0):
 garbage-first heap   total 157696K, used 100582K [0x0000000080000000, 0x0000000100000000)
  region size 1024K, 92 young (94208K), 3 survivors (3072K)
 Metaspace       used 34348K, capacity 35365K, committed 35584K, reserved 1079296K
  class space    used 4395K, capacity 4776K, committed 4864K, reserved 1048576K
}
Event: 3.593 GC heap after
{Heap after GC invocations=8 (full 0):
 garbage-first heap   total 157696K, used 15196K [0x0000000080000000, 0x0000000100000000)
  region size 1024K, 9 young (9216K), 9 survivors (9216K)
 Metaspace       used 34348K, capacity 35365K, committed 35584K, reserved 1079296K
  class space    used 4395K, capacity 4776K, committed 4864K, reserved 1048576K
}
Event: 3.648 GC heap before
{Heap before GC invocations=8 (full 0):
 garbage-first heap   total 157696K, used 17244K [0x0000000080000000, 0x0000000100000000)
  region size 1024K, 12 young (12288K), 9 survivors (9216K)
 Metaspace       used 34739K, capacity 35729K, committed 35840K, reserved 1081344K
  class space    used 4436K, capacity 4812K, committed 4864K, reserved 1048576K
}
Event: 3.670 GC heap after
{Heap after GC invocations=9 (full 0):
 garbage-first heap   total 157696K, used 15820K [0x0000000080000000, 0x0000000100000000)
  region size 1024K, 7 young (7168K), 7 survivors (7168K)
 Metaspace       used 34739K, capacity 35729K, committed 35840K, reserved 1081344K
  class space    used 4436K, capacity 4812K, committed 4864K, reserved 1048576K
}
Event: 5.560 GC heap before
{Heap before GC invocations=10 (full 0):
 garbage-first heap   total 157696K, used 102860K [0x0000000080000000, 0x0000000100000000)
  region size 1024K, 92 young (94208K), 7 survivors (7168K)
 Metaspace       used 44039K, capacity 45214K, committed 45312K, reserved 1089536K
  class space    used 5643K, capacity 6112K, committed 6144K, reserved 1048576K
}

